fuse library not installed
DaHandler - Sunmi V2 fix: target_config None, forcing preloader.init()
Preloader - Status: Waiting for PreLoader VCOM, please reconnect mobile/iot device to brom mode
Preloader
Preloader - [LIB]: [31mStatus: Handshake failed, retrying...[0m
Port - Device detected :)
Preloader - Detected regular mode !
Preloader - 	CPU:			MT6739/MT6731/MT8765()
Preloader - 	HW version:		0x0
Preloader - 	WDT:			0x10007000
Preloader - 	Uart:			0x11002000
Preloader - 	Brom payload addr:	0x100a00
Preloader - 	DA payload addr:	0x201000
Preloader - 	CQ_DMA addr:		0x10212000
Preloader - 	Var1:			0xb4
Preloader - Disabling Watchdog...
Preloader - HW code:			0x699
Preloader - Target config:		0x0
Preloader - 	SBC enabled:		False
Preloader - 	SLA enabled:		False
Preloader - 	DAA enabled:		False
Preloader - 	SWJTAG enabled:		False
Preloader - 	EPP_PARAM at 0x600 after EMMC_BOOT/SDMMC_BOOT:	False
Preloader - 	Root cert required:	False
Preloader - 	Mem read auth:		False
Preloader - 	Mem write auth:		False
Preloader - 	Cmd 0xC8 blocked:	False
Preloader - Get Target info
Preloader - 	HW subcode:		0x8a00
Preloader - 	HW Ver:			0xcb00
Preloader - 	SW Ver:			0x2
DaHandler - Device is unprotected.
DaHandler - Device is in Preloader-Mode.
DAXFlash - Uploading xflash stage 1 from MTK_DA_V5.bin
XFlashExt - Patching da1 ...
Mtk - Patched "Patched loader msg" in preloader
Mtk - Patched "hash_check" in preloader
Mtk - Patched "Patched loader msg" in preloader
Mtk - Patched "get_vfy_policy" in preloader
XFlashExt - Patching da2 ...
XFlashExt - Security check patched
XFlashExt - DA version anti-rollback patched
XFlashExt - SBC patched to be disabled
XFlashExt - Register read/write not allowed patched
DAXFlash - Successfully uploaded stage 1, jumping ..
Preloader - Jumping to 0x200000
Preloader - Jumping to 0x200000: ok.
DAXFlash - Successfully received DA sync
DAXFlash - Uploading stage 2...
DAXFlash - Upload data was accepted. Jumping to stage 2...
DAXFlash - Boot to succeeded.
DAXFlash - Successfully uploaded stage 2
DAXFlash - DA SLA is disabled
DAXFlash - EMMC FWVer:      0x0
DAXFlash - EMMC ID:         EH8EE8
DAXFlash - EMMC CID:        700100454838454538012e53ec37b7a3
DAXFlash - EMMC Boot1 Size: 0x400000
DAXFlash - EMMC Boot2 Size: 0x400000
DAXFlash - EMMC GP1 Size:   0x0
DAXFlash - EMMC GP2 Size:   0x0
DAXFlash - EMMC GP3 Size:   0x0
DAXFlash - EMMC GP4 Size:   0x0
DAXFlash - EMMC RPMB Size:  0x400000
DAXFlash - EMMC USER Size:  0x1c8000000
DAXFlash - Starting DA extensions ...
DAXFlash - Extensions were accepted. Jumping to extensions...
DAXFlash - Boot to succeeded.
DAXFlash - DA Extensions successfully added at 0x4fff0000
Main - Handling da commands ...
Done |██████████| 100.0% Write: (0x100000/0x100000),0.00 MB/s
Wrote dump/lk.img to sector 730112 with sector count 2048.
