fuse library not installed
Preloader - Status: Waiting for PreLoader VCOM, please reconnect mobile/iot device to brom mode

Port - Hint:

Power off the phone before connecting.
For brom mode, press and hold vol up, vol dwn, or all hw buttons and connect usb.
For preloader mode, don't press any hw button and connect usb.
If it is already connected and on, hold power for 10 seconds to reset.


...........

Port - Hint:

Power off the phone before connecting.
For brom mode, press and hold vol up, vol dwn, or all hw buttons and connect usb.
For preloader mode, don't press any hw button and connect usb.
If it is already connected and on, hold power for 10 seconds to reset.


...........

Port - Hint:

Power off the phone before connecting.
For brom mode, press and hold vol up, vol dwn, or all hw buttons and connect usb.
For preloader mode, don't press any hw button and connect usb.
If it is already connected and on, hold power for 10 seconds to reset.


...........

Port - Hint:

Power off the phone before connecting.
For brom mode, press and hold vol up, vol dwn, or all hw buttons and connect usb.
For preloader mode, don't press any hw button and connect usb.
If it is already connected and on, hold power for 10 seconds to reset.


...........

Port - Hint:

Power off the phone before connecting.
For brom mode, press and hold vol up, vol dwn, or all hw buttons and connect usb.
For preloader mode, don't press any hw button and connect usb.
If it is already connected and on, hold power for 10 seconds to reset.


..........Preloader
Preloader - [LIB]: [31mStatus: Handshake failed, retrying...[0m

Port - Hint:

Power off the phone before connecting.
For brom mode, press and hold vol up, vol dwn, or all hw buttons and connect usb.
For preloader mode, don't press any hw button and connect usb.
If it is already connected and on, hold power for 10 seconds to reset.


...........

Port - Hint:

Power off the phone before connecting.
For brom mode, press and hold vol up, vol dwn, or all hw buttons and connect usb.
For preloader mode, don't press any hw button and connect usb.
If it is already connected and on, hold power for 10 seconds to reset.


...........

Port - Hint:

Power off the phone before connecting.
For brom mode, press and hold vol up, vol dwn, or all hw buttons and connect usb.
For preloader mode, don't press any hw button and connect usb.
If it is already connected and on, hold power for 10 seconds to reset.


...........

Port - Hint:

Power off the phone before connecting.
For brom mode, press and hold vol up, vol dwn, or all hw buttons and connect usb.
For preloader mode, don't press any hw button and connect usb.
If it is already connected and on, hold power for 10 seconds to reset.


...........

Port - Hint:

Power off the phone before connecting.
For brom mode, press and hold vol up, vol dwn, or all hw buttons and connect usb.
For preloader mode, don't press any hw button and connect usb.
If it is already connected and on, hold power for 10 seconds to reset.


..........Preloader
Preloader - [LIB]: [31mStatus: Handshake failed, retrying...[0m

Port - Hint:

Power off the phone before connecting.
For brom mode, press and hold vol up, vol dwn, or all hw buttons and connect usb.
For preloader mode, don't press any hw button and connect usb.
If it is already connected and on, hold power for 10 seconds to reset.


...........

Port - Hint:

Power off the phone before connecting.
For brom mode, press and hold vol up, vol dwn, or all hw buttons and connect usb.
For preloader mode, don't press any hw button and connect usb.
If it is already connected and on, hold power for 10 seconds to reset.


...........

Port - Hint:

Power off the phone before connecting.
For brom mode, press and hold vol up, vol dwn, or all hw buttons and connect usb.
For preloader mode, don't press any hw button and connect usb.
If it is already connected and on, hold power for 10 seconds to reset.


...........

Port - Hint:

Power off the phone before connecting.
For brom mode, press and hold vol up, vol dwn, or all hw buttons and connect usb.
For preloader mode, don't press any hw button and connect usb.
If it is already connected and on, hold power for 10 seconds to reset.


...........

Port - Hint:

Power off the phone before connecting.
For brom mode, press and hold vol up, vol dwn, or all hw buttons and connect usb.
For preloader mode, don't press any hw button and connect usb.
If it is already connected and on, hold power for 10 seconds to reset.


..........Preloader
Preloader - [LIB]: [31mStatus: Handshake failed, retrying...[0m
Port - Device detected :)
Preloader - Detected regular mode !
Preloader - 	CPU:			MT6739/MT6731/MT8765()
Preloader - 	HW version:		0x0
Preloader - 	WDT:			0x10007000
Preloader - 	Uart:			0x11002000
Preloader - 	Brom payload addr:	0x100a00
Preloader - 	DA payload addr:	0x201000
Preloader - 	CQ_DMA addr:		0x10212000
Preloader - 	Var1:			0xb4
Preloader - Disabling Watchdog...
Preloader - HW code:			0x699
Preloader - Target config:		0x0
Preloader - 	SBC enabled:		False
Preloader - 	SLA enabled:		False
Preloader - 	DAA enabled:		False
Preloader - 	SWJTAG enabled:		False
Preloader - 	EPP_PARAM at 0x600 after EMMC_BOOT/SDMMC_BOOT:	False
Preloader - 	Root cert required:	False
Preloader - 	Mem read auth:		False
Preloader - 	Mem write auth:		False
Preloader - 	Cmd 0xC8 blocked:	False
Preloader - Get Target info
Preloader - BROM mode detected.
Preloader - 	HW subcode:		0x8a00
Preloader - 	HW Ver:			0xcb00
Preloader - 	SW Ver:			0x2
Preloader - ME_ID:			EB79B3412F1BE21994A3F328DEB56D6F
Preloader - SOC_ID:			D95E9CB40569526223214C4BDF1AA085E592DCC732156D866E7EBE442E1A9B2B
DaHandler - Device is unprotected.
DaHandler - Device is in BROM-Mode. Bypassing security.
DaHandler - Unprotected device, we assume we can patch directly !
DaHandler
DaHandler - [LIB]: [31mFailed to dump preloader from ram, provide a valid one via --preloader option[0m
DAXFlash - Uploading xflash stage 1 from MTK_DA_V5.bin
XFlashExt - Patching da1 ...
Mtk - Patched "Patched loader msg" in preloader
Mtk - Patched "hash_check" in preloader
Mtk - Patched "Patched loader msg" in preloader
Mtk - Patched "get_vfy_policy" in preloader
XFlashExt - Patching da2 ...
XFlashExt - Security check patched
XFlashExt - DA version anti-rollback patched
XFlashExt - SBC patched to be disabled
XFlashExt - Register read/write not allowed patched
DAXFlash - Successfully uploaded stage 1, jumping ..
Preloader - Jumping to 0x200000
Preloader - Jumping to 0x200000: ok.
DAXFlash - Successfully received DA sync
DAXFlash - No preloader given. Searching for preloader
DAXFlash
DAXFlash - [LIB]: [33mNo emmc info, can't parse existing preloaders.[0m
DAXFlash
DAXFlash - [LIB]: [33mNo emmc info, can't parse existing preloaders.[0m
DAXFlash
DAXFlash - [LIB]: [33mNo emmc info, can't parse existing preloaders.[0m
DAXFlash
DAXFlash - [LIB]: [33mNo emmc info, can't parse existing preloaders.[0m
DAXFlash
DAXFlash - [LIB]: [33mNo emmc info, can't parse existing preloaders.[0m
DAXFlash
DAXFlash - [LIB]: [33mNo emmc info, can't parse existing preloaders.[0m
DAXFlash
DAXFlash - [LIB]: [33mNo emmc info, can't parse existing preloaders.[0m
DAXFlash
DAXFlash - [LIB]: [33mNo emmc info, can't parse existing preloaders.[0m
DAXFlash
DAXFlash - [LIB]: [33mNo emmc info, can't parse existing preloaders.[0m
DAXFlash
DAXFlash - [LIB]: [33mNo emmc info, can't parse existing preloaders.[0m
DAXFlash
DAXFlash - [LIB]: [33mNo emmc info, can't parse existing preloaders.[0m
DAXFlash
DAXFlash - [LIB]: [33mNo emmc info, can't parse existing preloaders.[0m
DAXFlash
DAXFlash - [LIB]: [33mNo emmc info, can't parse existing preloaders.[0m
DAXFlash
DAXFlash - [LIB]: [33mNo emmc info, can't parse existing preloaders.[0m
DAXFlash
DAXFlash - [LIB]: [33mNo emmc info, can't parse existing preloaders.[0m
DAXFlash
DAXFlash - [LIB]: [33mNo emmc info, can't parse existing preloaders.[0m
DAXFlash
DAXFlash - [LIB]: [33mNo emmc info, can't parse existing preloaders.[0m
DAXFlash
DAXFlash - [LIB]: [33mNo emmc info, can't parse existing preloaders.[0m
DAXFlash
DAXFlash - [LIB]: [33mNo emmc info, can't parse existing preloaders.[0m
DAXFlash
DAXFlash - [LIB]: [33mNo emmc info, can't parse existing preloaders.[0m
DAXFlash
DAXFlash - [LIB]: [33mNo emmc info, can't parse existing preloaders.[0m
DAXFlash
DAXFlash - [LIB]: [33mNo emmc info, can't parse existing preloaders.[0m
DAXFlash
DAXFlash - [LIB]: [33mNo emmc info, can't parse existing preloaders.[0m
DAXFlash
DAXFlash - [LIB]: [33mNo emmc info, can't parse existing preloaders.[0m
DAXFlash
DAXFlash - [LIB]: [33mNo emmc info, can't parse existing preloaders.[0m
DAXFlash
DAXFlash - [LIB]: [33mNo emmc info, can't parse existing preloaders.[0m
DAXFlash
DAXFlash - [LIB]: [33mNo emmc info, can't parse existing preloaders.[0m
DAXFlash
DAXFlash - [LIB]: [33mNo emmc info, can't parse existing preloaders.[0m
DAXFlash
DAXFlash - [LIB]: [33mNo emmc info, can't parse existing preloaders.[0m
DAXFlash
DAXFlash - [LIB]: [33mNo emmc info, can't parse existing preloaders.[0m
DAXFlash
DAXFlash - [LIB]: [33mNo emmc info, can't parse existing preloaders.[0m
DAXFlash
DAXFlash - [LIB]: [33mNo emmc info, can't parse existing preloaders.[0m
DAXFlash
DAXFlash - [LIB]: [33mNo emmc info, can't parse existing preloaders.[0m
DAXFlash
DAXFlash - [LIB]: [33mNo emmc info, can't parse existing preloaders.[0m
DAXFlash
DAXFlash - [LIB]: [33mNo emmc info, can't parse existing preloaders.[0m
DAXFlash
DAXFlash - [LIB]: [33mNo emmc info, can't parse existing preloaders.[0m
DAXFlash
DAXFlash - [LIB]: [33mNo emmc info, can't parse existing preloaders.[0m
DAXFlash
DAXFlash - [LIB]: [33mNo emmc info, can't parse existing preloaders.[0m
DAXFlash
DAXFlash - [LIB]: [33mNo emmc info, can't parse existing preloaders.[0m
DAXFlash
DAXFlash - [LIB]: [33mNo emmc info, can't parse existing preloaders.[0m
DAXFlash
DAXFlash - [LIB]: [33mNo emmc info, can't parse existing preloaders.[0m
DAXFlash
DAXFlash - [LIB]: [33mNo emmc info, can't parse existing preloaders.[0m
DAXFlash
DAXFlash - [LIB]: [33mNo emmc info, can't parse existing preloaders.[0m
DAXFlash
DAXFlash - [LIB]: [33mNo emmc info, can't parse existing preloaders.[0m
DAXFlash
DAXFlash - [LIB]: [33mNo emmc info, can't parse existing preloaders.[0m
DAXFlash
DAXFlash - [LIB]: [33mNo emmc info, can't parse existing preloaders.[0m
DAXFlash
DAXFlash - [LIB]: [33mNo emmc info, can't parse existing preloaders.[0m
DAXFlash
DAXFlash - [LIB]: [33mNo emmc info, can't parse existing preloaders.[0m
DAXFlash
DAXFlash - [LIB]: [33mNo emmc info, can't parse existing preloaders.[0m
DAXFlash
DAXFlash - [LIB]: [33mNo emmc info, can't parse existing preloaders.[0m
DAXFlash
DAXFlash - [LIB]: [33mNo emmc info, can't parse existing preloaders.[0m
DAXFlash
DAXFlash - [LIB]: [33mNo emmc info, can't parse existing preloaders.[0m
DAXFlash
DAXFlash - [LIB]: [33mNo emmc info, can't parse existing preloaders.[0m
DAXFlash
DAXFlash - [LIB]: [33mNo emmc info, can't parse existing preloaders.[0m
DAXFlash
DAXFlash - [LIB]: [33mNo emmc info, can't parse existing preloaders.[0m
DAXFlash
DAXFlash - [LIB]: [33mNo emmc info, can't parse existing preloaders.[0m
DAXFlash
DAXFlash - [LIB]: [33mNo emmc info, can't parse existing preloaders.[0m
DAXFlash
DAXFlash - [LIB]: [33mNo emmc info, can't parse existing preloaders.[0m
DAXFlash
DAXFlash - [LIB]: [33mNo emmc info, can't parse existing preloaders.[0m
DAXFlash
DAXFlash - [LIB]: [33mNo emmc info, can't parse existing preloaders.[0m
DAXFlash
DAXFlash - [LIB]: [33mNo emmc info, can't parse existing preloaders.[0m
DAXFlash
DAXFlash - [LIB]: [33mNo emmc info, can't parse existing preloaders.[0m
DAXFlash
DAXFlash - [LIB]: [33mNo emmc info, can't parse existing preloaders.[0m
DAXFlash
DAXFlash - [LIB]: [33mNo emmc info, can't parse existing preloaders.[0m
DAXFlash
DAXFlash - [LIB]: [33mNo emmc info, can't parse existing preloaders.[0m
DAXFlash
DAXFlash - [LIB]: [33mNo emmc info, can't parse existing preloaders.[0m
DAXFlash
DAXFlash - [LIB]: [33mNo emmc info, can't parse existing preloaders.[0m
DAXFlash
DAXFlash - [LIB]: [33mNo emmc info, can't parse existing preloaders.[0m
DAXFlash
DAXFlash - [LIB]: [33mNo emmc info, can't parse existing preloaders.[0m
DAXFlash
DAXFlash - [LIB]: [33mNo emmc info, can't parse existing preloaders.[0m
DAXFlash
DAXFlash - [LIB]: [33mNo emmc info, can't parse existing preloaders.[0m
DAXFlash
DAXFlash - [LIB]: [33mNo emmc info, can't parse existing preloaders.[0m
DAXFlash
DAXFlash - [LIB]: [33mNo emmc info, can't parse existing preloaders.[0m
DAXFlash
DAXFlash - [LIB]: [33mNo emmc info, can't parse existing preloaders.[0m
DAXFlash
DAXFlash - [LIB]: [33mNo emmc info, can't parse existing preloaders.[0m
DAXFlash
DAXFlash - [LIB]: [33mNo emmc info, can't parse existing preloaders.[0m
DAXFlash
DAXFlash - [LIB]: [33mNo emmc info, can't parse existing preloaders.[0m
DAXFlash
DAXFlash - [LIB]: [33mNo emmc info, can't parse existing preloaders.[0m
DAXFlash
DAXFlash - [LIB]: [33mNo emmc info, can't parse existing preloaders.[0m
DAXFlash
DAXFlash - [LIB]: [33mNo emmc info, can't parse existing preloaders.[0m
DAXFlash
DAXFlash - [LIB]: [33mNo emmc info, can't parse existing preloaders.[0m
DAXFlash
DAXFlash - [LIB]: [33mNo emmc info, can't parse existing preloaders.[0m
DAXFlash
DAXFlash - [LIB]: [33mNo emmc info, can't parse existing preloaders.[0m
DAXFlash
DAXFlash - [LIB]: [33mNo emmc info, can't parse existing preloaders.[0m
DAXFlash
DAXFlash - [LIB]: [33mNo emmc info, can't parse existing preloaders.[0m
DAXFlash
DAXFlash - [LIB]: [33mNo emmc info, can't parse existing preloaders.[0m
DAXFlash
DAXFlash - [LIB]: [33mNo emmc info, can't parse existing preloaders.[0m
DAXFlash
DAXFlash - [LIB]: [33mNo emmc info, can't parse existing preloaders.[0m
DAXFlash
DAXFlash - [LIB]: [33mNo emmc info, can't parse existing preloaders.[0m
DAXFlash
DAXFlash - [LIB]: [33mNo emmc info, can't parse existing preloaders.[0m
DAXFlash
DAXFlash - [LIB]: [33mNo emmc info, can't parse existing preloaders.[0m
DAXFlash
DAXFlash - [LIB]: [33mNo emmc info, can't parse existing preloaders.[0m
DAXFlash
DAXFlash - [LIB]: [33mNo emmc info, can't parse existing preloaders.[0m
DAXFlash
DAXFlash - [LIB]: [33mNo emmc info, can't parse existing preloaders.[0m
DAXFlash
DAXFlash - [LIB]: [33mNo emmc info, can't parse existing preloaders.[0m
DAXFlash
DAXFlash - [LIB]: [33mNo emmc info, can't parse existing preloaders.[0m
DAXFlash
DAXFlash - [LIB]: [33mNo emmc info, can't parse existing preloaders.[0m
DAXFlash
DAXFlash - [LIB]: [33mNo emmc info, can't parse existing preloaders.[0m
DAXFlash
DAXFlash - [LIB]: [33mNo emmc info, can't parse existing preloaders.[0m
DAXFlash
DAXFlash - [LIB]: [33mNo emmc info, can't parse existing preloaders.[0m
DAXFlash
DAXFlash - [LIB]: [33mNo emmc info, can't parse existing preloaders.[0m
DAXFlash
DAXFlash - [LIB]: [33mNo emmc info, can't parse existing preloaders.[0m
DAXFlash
DAXFlash - [LIB]: [33mNo emmc info, can't parse existing preloaders.[0m
DAXFlash
DAXFlash - [LIB]: [33mNo emmc info, can't parse existing preloaders.[0m
DAXFlash
DAXFlash - [LIB]: [33mNo emmc info, can't parse existing preloaders.[0m
DAXFlash
DAXFlash - [LIB]: [33mNo emmc info, can't parse existing preloaders.[0m
DAXFlash
DAXFlash - [LIB]: [33mNo emmc info, can't parse existing preloaders.[0m
DAXFlash
DAXFlash - [LIB]: [33mNo emmc info, can't parse existing preloaders.[0m
DAXFlash
DAXFlash - [LIB]: [33mNo emmc info, can't parse existing preloaders.[0m
DAXFlash
DAXFlash - [LIB]: [33mNo emmc info, can't parse existing preloaders.[0m
DAXFlash
DAXFlash - [LIB]: [33mNo emmc info, can't parse existing preloaders.[0m
DAXFlash
DAXFlash - [LIB]: [33mNo emmc info, can't parse existing preloaders.[0m
DAXFlash
DAXFlash - [LIB]: [33mNo emmc info, can't parse existing preloaders.[0m
DAXFlash
DAXFlash - [LIB]: [33mNo emmc info, can't parse existing preloaders.[0m
DAXFlash
DAXFlash - [LIB]: [33mNo emmc info, can't parse existing preloaders.[0m
DAXFlash
DAXFlash - [LIB]: [33mNo emmc info, can't parse existing preloaders.[0m
DAXFlash
DAXFlash - [LIB]: [33mNo emmc info, can't parse existing preloaders.[0m
DAXFlash
DAXFlash - [LIB]: [33mNo emmc info, can't parse existing preloaders.[0m
DAXFlash
DAXFlash - [LIB]: [33mNo emmc info, can't parse existing preloaders.[0m
DAXFlash
DAXFlash - [LIB]: [33mNo emmc info, can't parse existing preloaders.[0m
DAXFlash
DAXFlash - [LIB]: [33mNo emmc info, can't parse existing preloaders.[0m
DAXFlash
DAXFlash - [LIB]: [33mNo emmc info, can't parse existing preloaders.[0m
DAXFlash
DAXFlash - [LIB]: [33mNo emmc info, can't parse existing preloaders.[0m
DAXFlash
DAXFlash - [LIB]: [33mNo emmc info, can't parse existing preloaders.[0m
DAXFlash
DAXFlash - [LIB]: [33mNo emmc info, can't parse existing preloaders.[0m
DAXFlash
DAXFlash - [LIB]: [33mNo emmc info, can't parse existing preloaders.[0m
DAXFlash
DAXFlash - [LIB]: [33mNo emmc info, can't parse existing preloaders.[0m
DAXFlash
DAXFlash - [LIB]: [33mNo emmc info, can't parse existing preloaders.[0m
DAXFlash
DAXFlash - [LIB]: [33mNo emmc info, can't parse existing preloaders.[0m
DAXFlash
DAXFlash - [LIB]: [33mNo emmc info, can't parse existing preloaders.[0m
DAXFlash
DAXFlash - [LIB]: [33mNo emmc info, can't parse existing preloaders.[0m
DAXFlash
DAXFlash - [LIB]: [33mNo emmc info, can't parse existing preloaders.[0m
DAXFlash
DAXFlash - [LIB]: [33mNo emmc info, can't parse existing preloaders.[0m
DAXFlash
DAXFlash - [LIB]: [33mNo emmc info, can't parse existing preloaders.[0m
DAXFlash
DAXFlash - [LIB]: [33mNo emmc info, can't parse existing preloaders.[0m
DAXFlash
DAXFlash - [LIB]: [33mNo emmc info, can't parse existing preloaders.[0m
DAXFlash
DAXFlash - [LIB]: [33mNo emmc info, can't parse existing preloaders.[0m
DAXFlash
DAXFlash - [LIB]: [33mNo emmc info, can't parse existing preloaders.[0m
DAXFlash
DAXFlash - [LIB]: [33mNo emmc info, can't parse existing preloaders.[0m
DAXFlash
DAXFlash - [LIB]: [33mNo emmc info, can't parse existing preloaders.[0m
DAXFlash
DAXFlash - [LIB]: [33mNo emmc info, can't parse existing preloaders.[0m
DAXFlash
DAXFlash - [LIB]: [33mNo emmc info, can't parse existing preloaders.[0m
DAXFlash
DAXFlash - [LIB]: [33mNo emmc info, can't parse existing preloaders.[0m
DAXFlash
DAXFlash - [LIB]: [33mNo emmc info, can't parse existing preloaders.[0m
DAXFlash
DAXFlash - [LIB]: [33mNo emmc info, can't parse existing preloaders.[0m
DAXFlash
DAXFlash - [LIB]: [33mNo emmc info, can't parse existing preloaders.[0m
DAXFlash
DAXFlash - [LIB]: [33mNo emmc info, can't parse existing preloaders.[0m
DAXFlash
DAXFlash - [LIB]: [33mNo emmc info, can't parse existing preloaders.[0m
DAXFlash
DAXFlash - [LIB]: [33mNo emmc info, can't parse existing preloaders.[0m
DAXFlash
DAXFlash - [LIB]: [33mNo emmc info, can't parse existing preloaders.[0m
DAXFlash
DAXFlash - [LIB]: [33mNo emmc info, can't parse existing preloaders.[0m
DAXFlash
DAXFlash - [LIB]: [33mNo emmc info, can't parse existing preloaders.[0m
DAXFlash
DAXFlash - [LIB]: [33mNo emmc info, can't parse existing preloaders.[0m
DAXFlash
DAXFlash - [LIB]: [33mNo emmc info, can't parse existing preloaders.[0m
DAXFlash
DAXFlash - [LIB]: [33mNo emmc info, can't parse existing preloaders.[0m
DAXFlash
DAXFlash - [LIB]: [33mNo emmc info, can't parse existing preloaders.[0m
DAXFlash
DAXFlash - [LIB]: [33mNo emmc info, can't parse existing preloaders.[0m
DAXFlash
DAXFlash - [LIB]: [33mNo emmc info, can't parse existing preloaders.[0m
DAXFlash
DAXFlash - [LIB]: [33mNo emmc info, can't parse existing preloaders.[0m
DAXFlash
DAXFlash - [LIB]: [33mNo emmc info, can't parse existing preloaders.[0m
DAXFlash
DAXFlash - [LIB]: [33mNo emmc info, can't parse existing preloaders.[0m
DAXFlash
DAXFlash - [LIB]: [33mNo emmc info, can't parse existing preloaders.[0m
DAXFlash
DAXFlash - [LIB]: [33mNo emmc info, can't parse existing preloaders.[0m
DAXFlash
DAXFlash - [LIB]: [33mNo emmc info, can't parse existing preloaders.[0m
DAXFlash
DAXFlash - [LIB]: [33mNo emmc info, can't parse existing preloaders.[0m
DAXFlash
DAXFlash - [LIB]: [33mNo emmc info, can't parse existing preloaders.[0m
DAXFlash
DAXFlash - [LIB]: [33mNo emmc info, can't parse existing preloaders.[0m
DAXFlash
DAXFlash - [LIB]: [33mNo emmc info, can't parse existing preloaders.[0m
DAXFlash
DAXFlash - [LIB]: [33mNo emmc info, can't parse existing preloaders.[0m
DAXFlash
DAXFlash - [LIB]: [33mNo emmc info, can't parse existing preloaders.[0m
DAXFlash
DAXFlash - [LIB]: [33mNo emmc info, can't parse existing preloaders.[0m
DAXFlash
DAXFlash - [LIB]: [33mNo emmc info, can't parse existing preloaders.[0m
DAXFlash
DAXFlash - [LIB]: [33mNo emmc info, can't parse existing preloaders.[0m
DAXFlash
DAXFlash - [LIB]: [33mNo emmc info, can't parse existing preloaders.[0m
DAXFlash
DAXFlash - [LIB]: [33mNo emmc info, can't parse existing preloaders.[0m
DAXFlash
DAXFlash - [LIB]: [33mNo emmc info, can't parse existing preloaders.[0m
DAXFlash
DAXFlash - [LIB]: [33mNo emmc info, can't parse existing preloaders.[0m
DAXFlash
DAXFlash - [LIB]: [33mNo emmc info, can't parse existing preloaders.[0m
DAXFlash
DAXFlash - [LIB]: [33mNo emmc info, can't parse existing preloaders.[0m
DAXFlash
DAXFlash - [LIB]: [33mNo emmc info, can't parse existing preloaders.[0m
DAXFlash
DAXFlash - [LIB]: [33mNo emmc info, can't parse existing preloaders.[0m
DAXFlash
DAXFlash - [LIB]: [33mNo emmc info, can't parse existing preloaders.[0m
DAXFlash
DAXFlash - [LIB]: [33mNo emmc info, can't parse existing preloaders.[0m
DAXFlash
DAXFlash - [LIB]: [33mNo emmc info, can't parse existing preloaders.[0m
DAXFlash
DAXFlash - [LIB]: [33mNo emmc info, can't parse existing preloaders.[0m
DAXFlash
DAXFlash - [LIB]: [33mNo emmc info, can't parse existing preloaders.[0m
DAXFlash
DAXFlash - [LIB]: [33mNo emmc info, can't parse existing preloaders.[0m
DAXFlash
DAXFlash - [LIB]: [33mNo emmc info, can't parse existing preloaders.[0m
DAXFlash
DAXFlash - [LIB]: [33mNo emmc info, can't parse existing preloaders.[0m
DAXFlash
DAXFlash - [LIB]: [33mNo emmc info, can't parse existing preloaders.[0m
DAXFlash
DAXFlash - [LIB]: [33mNo emmc info, can't parse existing preloaders.[0m
DAXFlash
DAXFlash - [LIB]: [33mNo emmc info, can't parse existing preloaders.[0m
DAXFlash
DAXFlash - [LIB]: [33mNo emmc info, can't parse existing preloaders.[0m
DAXFlash
DAXFlash - [LIB]: [33mNo emmc info, can't parse existing preloaders.[0m
DAXFlash
DAXFlash - [LIB]: [33mNo emmc info, can't parse existing preloaders.[0m
DAXFlash
DAXFlash - [LIB]: [33mNo emmc info, can't parse existing preloaders.[0m
DAXFlash
DAXFlash - [LIB]: [33mNo emmc info, can't parse existing preloaders.[0m
DAXFlash
DAXFlash - [LIB]: [33mNo emmc info, can't parse existing preloaders.[0m
DAXFlash
DAXFlash - [LIB]: [33mNo emmc info, can't parse existing preloaders.[0m
DAXFlash
DAXFlash - [LIB]: [33mNo emmc info, can't parse existing preloaders.[0m
DAXFlash
DAXFlash - [LIB]: [33mNo emmc info, can't parse existing preloaders.[0m
DAXFlash
DAXFlash - [LIB]: [33mNo emmc info, can't parse existing preloaders.[0m
DAXFlash
DAXFlash - [LIB]: [33mNo emmc info, can't parse existing preloaders.[0m
DAXFlash
DAXFlash - [LIB]: [33mNo emmc info, can't parse existing preloaders.[0m
DAXFlash
DAXFlash - [LIB]: [33mNo emmc info, can't parse existing preloaders.[0m
DAXFlash
DAXFlash - [LIB]: [33mNo emmc info, can't parse existing preloaders.[0m
DAXFlash
DAXFlash - [LIB]: [33mNo emmc info, can't parse existing preloaders.[0m
DAXFlash
DAXFlash - [LIB]: [33mNo emmc info, can't parse existing preloaders.[0m
DAXFlash
DAXFlash - [LIB]: [33mNo emmc info, can't parse existing preloaders.[0m
DAXFlash
DAXFlash - [LIB]: [33mNo emmc info, can't parse existing preloaders.[0m
DAXFlash
DAXFlash - [LIB]: [33mNo emmc info, can't parse existing preloaders.[0m
DAXFlash
DAXFlash - [LIB]: [33mNo emmc info, can't parse existing preloaders.[0m
DAXFlash
DAXFlash - [LIB]: [33mNo emmc info, can't parse existing preloaders.[0m
DAXFlash
DAXFlash - [LIB]: [33mNo emmc info, can't parse existing preloaders.[0m
DAXFlash
DAXFlash - [LIB]: [33mNo emmc info, can't parse existing preloaders.[0m
DAXFlash
DAXFlash - [LIB]: [33mNo emmc info, can't parse existing preloaders.[0m
DAXFlash
DAXFlash - [LIB]: [33mNo emmc info, can't parse existing preloaders.[0m
DAXFlash
DAXFlash - [LIB]: [33mNo emmc info, can't parse existing preloaders.[0m
DAXFlash
DAXFlash - [LIB]: [33mNo emmc info, can't parse existing preloaders.[0m
DAXFlash
DAXFlash - [LIB]: [33mNo emmc info, can't parse existing preloaders.[0m
DAXFlash
DAXFlash - [LIB]: [33mNo emmc info, can't parse existing preloaders.[0m
DAXFlash
DAXFlash - [LIB]: [33mNo emmc info, can't parse existing preloaders.[0m
DAXFlash
DAXFlash - [LIB]: [33mNo emmc info, can't parse existing preloaders.[0m
DAXFlash
DAXFlash - [LIB]: [33mNo emmc info, can't parse existing preloaders.[0m
DAXFlash
DAXFlash - [LIB]: [33mNo emmc info, can't parse existing preloaders.[0m
DAXFlash
DAXFlash - [LIB]: [33mNo emmc info, can't parse existing preloaders.[0m
DAXFlash
DAXFlash - [LIB]: [33mNo emmc info, can't parse existing preloaders.[0m
DAXFlash
DAXFlash - [LIB]: [33mNo emmc info, can't parse existing preloaders.[0m
DAXFlash
DAXFlash - [LIB]: [33mNo emmc info, can't parse existing preloaders.[0m
DAXFlash
DAXFlash - [LIB]: [33mNo emmc info, can't parse existing preloaders.[0m
DAXFlash
DAXFlash - [LIB]: [33mNo emmc info, can't parse existing preloaders.[0m
DAXFlash
DAXFlash - [LIB]: [33mNo emmc info, can't parse existing preloaders.[0m
DAXFlash
DAXFlash - [LIB]: [33mNo emmc info, can't parse existing preloaders.[0m
DAXFlash
DAXFlash - [LIB]: [33mNo emmc info, can't parse existing preloaders.[0m
DAXFlash
DAXFlash - [LIB]: [33mNo emmc info, can't parse existing preloaders.[0m
DAXFlash
DAXFlash - [LIB]: [33mNo emmc info, can't parse existing preloaders.[0m
DAXFlash
DAXFlash - [LIB]: [33mNo emmc info, can't parse existing preloaders.[0m
DAXFlash
DAXFlash - [LIB]: [33mNo emmc info, can't parse existing preloaders.[0m
DAXFlash
DAXFlash - [LIB]: [33mNo emmc info, can't parse existing preloaders.[0m
DAXFlash
DAXFlash - [LIB]: [33mNo emmc info, can't parse existing preloaders.[0m
DAXFlash
DAXFlash - [LIB]: [33mNo emmc info, can't parse existing preloaders.[0m
DAXFlash
DAXFlash - [LIB]: [33mNo emmc info, can't parse existing preloaders.[0m
DAXFlash
DAXFlash - [LIB]: [33mNo emmc info, can't parse existing preloaders.[0m
DAXFlash
DAXFlash - [LIB]: [33mNo emmc info, can't parse existing preloaders.[0m
DAXFlash
DAXFlash - [LIB]: [33mNo emmc info, can't parse existing preloaders.[0m
DAXFlash
DAXFlash - [LIB]: [33mNo emmc info, can't parse existing preloaders.[0m
DAXFlash
DAXFlash - [LIB]: [33mNo emmc info, can't parse existing preloaders.[0m
DAXFlash
DAXFlash - [LIB]: [33mNo emmc info, can't parse existing preloaders.[0m
DAXFlash
DAXFlash - [LIB]: [33mNo emmc info, can't parse existing preloaders.[0m
DAXFlash
DAXFlash - [LIB]: [33mNo emmc info, can't parse existing preloaders.[0m
DAXFlash
DAXFlash - [LIB]: [33mNo emmc info, can't parse existing preloaders.[0m
DAXFlash
DAXFlash - [LIB]: [33mNo emmc info, can't parse existing preloaders.[0m
DAXFlash
DAXFlash - [LIB]: [33mNo emmc info, can't parse existing preloaders.[0m
DAXFlash
DAXFlash - [LIB]: [33mNo emmc info, can't parse existing preloaders.[0m
DAXFlash
DAXFlash - [LIB]: [33mNo emmc info, can't parse existing preloaders.[0m
DAXFlash
DAXFlash - [LIB]: [33mNo emmc info, can't parse existing preloaders.[0m
DAXFlash
DAXFlash - [LIB]: [33mNo emmc info, can't parse existing preloaders.[0m
DAXFlash
DAXFlash - [LIB]: [33mNo emmc info, can't parse existing preloaders.[0m
DAXFlash
DAXFlash - [LIB]: [33mNo emmc info, can't parse existing preloaders.[0m
DAXFlash
DAXFlash - [LIB]: [33mNo emmc info, can't parse existing preloaders.[0m
DAXFlash
DAXFlash - [LIB]: [33mNo emmc info, can't parse existing preloaders.[0m
DAXFlash
DAXFlash - [LIB]: [33mNo emmc info, can't parse existing preloaders.[0m
DAXFlash
DAXFlash - [LIB]: [33mNo emmc info, can't parse existing preloaders.[0m
DAXFlash
DAXFlash - [LIB]: [33mNo emmc info, can't parse existing preloaders.[0m
DAXFlash
DAXFlash - [LIB]: [33mNo emmc info, can't parse existing preloaders.[0m
DAXFlash
DAXFlash - [LIB]: [33mNo emmc info, can't parse existing preloaders.[0m
DAXFlash
DAXFlash - [LIB]: [33mNo emmc info, can't parse existing preloaders.[0m
DAXFlash
DAXFlash - [LIB]: [33mNo emmc info, can't parse existing preloaders.[0m
DAXFlash
DAXFlash - [LIB]: [33mNo emmc info, can't parse existing preloaders.[0m
DAXFlash
DAXFlash - [LIB]: [33mNo emmc info, can't parse existing preloaders.[0m
DAXFlash
DAXFlash - [LIB]: [33mNo emmc info, can't parse existing preloaders.[0m
DAXFlash
DAXFlash - [LIB]: [33mNo emmc info, can't parse existing preloaders.[0m
DAXFlash
DAXFlash - [LIB]: [33mNo emmc info, can't parse existing preloaders.[0m
DAXFlash
DAXFlash - [LIB]: [33mNo emmc info, can't parse existing preloaders.[0m
DAXFlash
DAXFlash - [LIB]: [33mNo emmc info, can't parse existing preloaders.[0m
DAXFlash
DAXFlash - [LIB]: [33mNo emmc info, can't parse existing preloaders.[0m
DAXFlash
DAXFlash - [LIB]: [33mNo emmc info, can't parse existing preloaders.[0m
DAXFlash
DAXFlash - [LIB]: [33mNo emmc info, can't parse existing preloaders.[0m
DAXFlash
DAXFlash - [LIB]: [33mNo emmc info, can't parse existing preloaders.[0m
DAXFlash
DAXFlash - [LIB]: [33mNo emmc info, can't parse existing preloaders.[0m
DAXFlash
DAXFlash - [LIB]: [33mNo emmc info, can't parse existing preloaders.[0m
DAXFlash
DAXFlash - [LIB]: [33mNo emmc info, can't parse existing preloaders.[0m
DAXFlash
DAXFlash - [LIB]: [33mNo emmc info, can't parse existing preloaders.[0m
DAXFlash
DAXFlash - [LIB]: [33mNo emmc info, can't parse existing preloaders.[0m
DAXFlash
DAXFlash - [LIB]: [33mNo emmc info, can't parse existing preloaders.[0m
DAXFlash
DAXFlash - [LIB]: [33mNo emmc info, can't parse existing preloaders.[0m
DAXFlash
DAXFlash - [LIB]: [33mNo emmc info, can't parse existing preloaders.[0m
DAXFlash
DAXFlash - [LIB]: [33mNo emmc info, can't parse existing preloaders.[0m
DAXFlash
DAXFlash - [LIB]: [33mNo emmc info, can't parse existing preloaders.[0m
DAXFlash
DAXFlash - [LIB]: [33mNo emmc info, can't parse existing preloaders.[0m
DAXFlash
DAXFlash - [LIB]: [33mNo emmc info, can't parse existing preloaders.[0m
DAXFlash
DAXFlash - [LIB]: [33mNo emmc info, can't parse existing preloaders.[0m
DAXFlash
DAXFlash - [LIB]: [33mNo emmc info, can't parse existing preloaders.[0m
DAXFlash
DAXFlash - [LIB]: [33mNo emmc info, can't parse existing preloaders.[0m
DAXFlash
DAXFlash - [LIB]: [33mNo emmc info, can't parse existing preloaders.[0m
DAXFlash
DAXFlash - [LIB]: [33mNo emmc info, can't parse existing preloaders.[0m
DAXFlash
DAXFlash - [LIB]: [33mNo emmc info, can't parse existing preloaders.[0m
DAXFlash
DAXFlash - [LIB]: [33mNo emmc info, can't parse existing preloaders.[0m
DAXFlash
DAXFlash - [LIB]: [33mNo emmc info, can't parse existing preloaders.[0m
DAXFlash
DAXFlash - [LIB]: [33mNo emmc info, can't parse existing preloaders.[0m
DAXFlash
DAXFlash - [LIB]: [33mNo emmc info, can't parse existing preloaders.[0m
DAXFlash
DAXFlash - [LIB]: [33mNo emmc info, can't parse existing preloaders.[0m
DAXFlash
DAXFlash - [LIB]: [33mNo emmc info, can't parse existing preloaders.[0m
DAXFlash
DAXFlash - [LIB]: [33mNo emmc info, can't parse existing preloaders.[0m
DAXFlash
DAXFlash - [LIB]: [33mNo emmc info, can't parse existing preloaders.[0m
DAXFlash
DAXFlash - [LIB]: [33mNo emmc info, can't parse existing preloaders.[0m
DAXFlash
DAXFlash - [LIB]: [33mNo emmc info, can't parse existing preloaders.[0m
DAXFlash
DAXFlash - [LIB]: [33mNo emmc info, can't parse existing preloaders.[0m
DAXFlash
DAXFlash - [LIB]: [33mNo emmc info, can't parse existing preloaders.[0m
DAXFlash
DAXFlash - [LIB]: [33mNo emmc info, can't parse existing preloaders.[0m
DAXFlash
DAXFlash - [LIB]: [33mNo emmc info, can't parse existing preloaders.[0m
DAXFlash
DAXFlash - [LIB]: [33mNo emmc info, can't parse existing preloaders.[0m
DAXFlash
DAXFlash - [LIB]: [33mNo emmc info, can't parse existing preloaders.[0m
DAXFlash
DAXFlash - [LIB]: [33mNo emmc info, can't parse existing preloaders.[0m
DAXFlash
DAXFlash - [LIB]: [33mNo emmc info, can't parse existing preloaders.[0m
DAXFlash
DAXFlash - [LIB]: [33mNo emmc info, can't parse existing preloaders.[0m
DAXFlash
DAXFlash - [LIB]: [33mNo emmc info, can't parse existing preloaders.[0m
DAXFlash
DAXFlash - [LIB]: [33mNo emmc info, can't parse existing preloaders.[0m
DAXFlash
DAXFlash - [LIB]: [33mNo emmc info, can't parse existing preloaders.[0m
DAXFlash
DAXFlash - [LIB]: [33mNo emmc info, can't parse existing preloaders.[0m
DAXFlash
DAXFlash - [LIB]: [33mNo emmc info, can't parse existing preloaders.[0m
DAXFlash
DAXFlash - [LIB]: [33mNo emmc info, can't parse existing preloaders.[0m
DAXFlash
DAXFlash - [LIB]: [33mNo emmc info, can't parse existing preloaders.[0m
DAXFlash
DAXFlash - [LIB]: [33mNo emmc info, can't parse existing preloaders.[0m
DAXFlash
DAXFlash - [LIB]: [33mNo emmc info, can't parse existing preloaders.[0m
DAXFlash
DAXFlash - [LIB]: [33mNo emmc info, can't parse existing preloaders.[0m
DAXFlash
DAXFlash - [LIB]: [33mNo emmc info, can't parse existing preloaders.[0m
DAXFlash
DAXFlash - [LIB]: [33mNo emmc info, can't parse existing preloaders.[0m
DAXFlash
DAXFlash - [LIB]: [33mNo emmc info, can't parse existing preloaders.[0m
DAXFlash
DAXFlash - [LIB]: [33mNo emmc info, can't parse existing preloaders.[0m
DAXFlash
DAXFlash - [LIB]: [33mNo emmc info, can't parse existing preloaders.[0m
DAXFlash
DAXFlash - [LIB]: [33mNo emmc info, can't parse existing preloaders.[0m
DAXFlash
DAXFlash - [LIB]: [33mNo emmc info, can't parse existing preloaders.[0m
DAXFlash
DAXFlash - [LIB]: [33mNo emmc info, can't parse existing preloaders.[0m
DAXFlash
DAXFlash - [LIB]: [33mNo emmc info, can't parse existing preloaders.[0m
DAXFlash
DAXFlash - [LIB]: [33mNo emmc info, can't parse existing preloaders.[0m
DAXFlash
DAXFlash - [LIB]: [33mNo emmc info, can't parse existing preloaders.[0m
DAXFlash
DAXFlash - [LIB]: [33mNo emmc info, can't parse existing preloaders.[0m
DAXFlash
DAXFlash - [LIB]: [33mNo emmc info, can't parse existing preloaders.[0m
DAXFlash
DAXFlash - [LIB]: [33mNo emmc info, can't parse existing preloaders.[0m
DAXFlash
DAXFlash - [LIB]: [33mNo emmc info, can't parse existing preloaders.[0m
DAXFlash
DAXFlash - [LIB]: [33mNo emmc info, can't parse existing preloaders.[0m
DAXFlash
DAXFlash - [LIB]: [33mNo emmc info, can't parse existing preloaders.[0m
DAXFlash
DAXFlash - [LIB]: [33mNo emmc info, can't parse existing preloaders.[0m
DAXFlash
DAXFlash - [LIB]: [33mNo emmc info, can't parse existing preloaders.[0m
DAXFlash
DAXFlash - [LIB]: [33mNo emmc info, can't parse existing preloaders.[0m
DAXFlash
DAXFlash - [LIB]: [33mNo emmc info, can't parse existing preloaders.[0m
DAXFlash
DAXFlash - [LIB]: [33mNo emmc info, can't parse existing preloaders.[0m
DAXFlash
DAXFlash - [LIB]: [33mNo emmc info, can't parse existing preloaders.[0m
DAXFlash
DAXFlash - [LIB]: [33mNo emmc info, can't parse existing preloaders.[0m
DAXFlash
DAXFlash - [LIB]: [33mNo emmc info, can't parse existing preloaders.[0m
DAXFlash
DAXFlash - [LIB]: [33mNo emmc info, can't parse existing preloaders.[0m
DAXFlash
DAXFlash - [LIB]: [33mNo emmc info, can't parse existing preloaders.[0m
DAXFlash
DAXFlash - [LIB]: [33mNo emmc info, can't parse existing preloaders.[0m
DAXFlash
DAXFlash - [LIB]: [33mNo emmc info, can't parse existing preloaders.[0m
DAXFlash
DAXFlash - [LIB]: [33mNo emmc info, can't parse existing preloaders.[0m
DAXFlash
DAXFlash - [LIB]: [33mNo emmc info, can't parse existing preloaders.[0m
DAXFlash
DAXFlash - [LIB]: [33mNo emmc info, can't parse existing preloaders.[0m
DAXFlash
DAXFlash - [LIB]: [33mNo emmc info, can't parse existing preloaders.[0m
DAXFlash
DAXFlash - [LIB]: [33mNo emmc info, can't parse existing preloaders.[0m
DAXFlash
DAXFlash - [LIB]: [33mNo emmc info, can't parse existing preloaders.[0m
DAXFlash
DAXFlash - [LIB]: [33mNo emmc info, can't parse existing preloaders.[0m
DAXFlash
DAXFlash - [LIB]: [33mNo emmc info, can't parse existing preloaders.[0m
DAXFlash
DAXFlash - [LIB]: [33mNo emmc info, can't parse existing preloaders.[0m
DAXFlash
DAXFlash - [LIB]: [33mNo emmc info, can't parse existing preloaders.[0m
DAXFlash
DAXFlash - [LIB]: [33mNo emmc info, can't parse existing preloaders.[0m
DAXFlash
DAXFlash - [LIB]: [33mNo emmc info, can't parse existing preloaders.[0m
DAXFlash
DAXFlash - [LIB]: [33mNo emmc info, can't parse existing preloaders.[0m
DAXFlash
DAXFlash - [LIB]: [33mNo emmc info, can't parse existing preloaders.[0m
DAXFlash
DAXFlash - [LIB]: [33mNo emmc info, can't parse existing preloaders.[0m
DAXFlash
DAXFlash - [LIB]: [33mNo emmc info, can't parse existing preloaders.[0m
DAXFlash
DAXFlash - [LIB]: [33mNo emmc info, can't parse existing preloaders.[0m
DAXFlash
DAXFlash - [LIB]: [33mNo emmc info, can't parse existing preloaders.[0m
DAXFlash
DAXFlash - [LIB]: [33mNo emmc info, can't parse existing preloaders.[0m
DAXFlash
DAXFlash - [LIB]: [33mNo emmc info, can't parse existing preloaders.[0m
DAXFlash
DAXFlash - [LIB]: [33mNo emmc info, can't parse existing preloaders.[0m
DAXFlash
DAXFlash - [LIB]: [33mNo emmc info, can't parse existing preloaders.[0m
DAXFlash
DAXFlash - [LIB]: [33mNo emmc info, can't parse existing preloaders.[0m
DAXFlash
DAXFlash - [LIB]: [33mNo emmc info, can't parse existing preloaders.[0m
DAXFlash
DAXFlash - [LIB]: [33mNo emmc info, can't parse existing preloaders.[0m
DAXFlash
DAXFlash - [LIB]: [33mNo emmc info, can't parse existing preloaders.[0m
DAXFlash
DAXFlash - [LIB]: [33mNo emmc info, can't parse existing preloaders.[0m
DAXFlash
DAXFlash - [LIB]: [33mNo emmc info, can't parse existing preloaders.[0m
DAXFlash
DAXFlash - [LIB]: [33mNo emmc info, can't parse existing preloaders.[0m
DAXFlash
DAXFlash - [LIB]: [33mNo emmc info, can't parse existing preloaders.[0m
DAXFlash
DAXFlash - [LIB]: [33mNo emmc info, can't parse existing preloaders.[0m
DAXFlash
DAXFlash - [LIB]: [33mNo emmc info, can't parse existing preloaders.[0m
DAXFlash
DAXFlash - [LIB]: [33mNo emmc info, can't parse existing preloaders.[0m
DAXFlash
DAXFlash - [LIB]: [33mNo emmc info, can't parse existing preloaders.[0m
DAXFlash
DAXFlash - [LIB]: [33mNo emmc info, can't parse existing preloaders.[0m
DAXFlash
DAXFlash - [LIB]: [33mNo emmc info, can't parse existing preloaders.[0m
DAXFlash
DAXFlash - [LIB]: [33mNo emmc info, can't parse existing preloaders.[0m
DAXFlash
DAXFlash - [LIB]: [33mNo emmc info, can't parse existing preloaders.[0m
DAXFlash
DAXFlash - [LIB]: [33mNo emmc info, can't parse existing preloaders.[0m
DAXFlash
DAXFlash - [LIB]: [33mNo emmc info, can't parse existing preloaders.[0m
DAXFlash
DAXFlash - [LIB]: [33mNo emmc info, can't parse existing preloaders.[0m
DAXFlash
DAXFlash - [LIB]: [33mNo emmc info, can't parse existing preloaders.[0m
DAXFlash
DAXFlash - [LIB]: [33mNo emmc info, can't parse existing preloaders.[0m
DAXFlash
DAXFlash - [LIB]: [33mNo emmc info, can't parse existing preloaders.[0m
DAXFlash
DAXFlash - [LIB]: [33mNo emmc info, can't parse existing preloaders.[0m
DAXFlash
DAXFlash - [LIB]: [33mNo emmc info, can't parse existing preloaders.[0m
DAXFlash
DAXFlash - [LIB]: [33mNo emmc info, can't parse existing preloaders.[0m
DAXFlash
DAXFlash - [LIB]: [33mNo emmc info, can't parse existing preloaders.[0m
DAXFlash
DAXFlash - [LIB]: [33mNo emmc info, can't parse existing preloaders.[0m
DAXFlash
DAXFlash - [LIB]: [33mNo emmc info, can't parse existing preloaders.[0m
DAXFlash
DAXFlash - [LIB]: [33mNo emmc info, can't parse existing preloaders.[0m
DAXFlash
DAXFlash - [LIB]: [33mNo emmc info, can't parse existing preloaders.[0m
DAXFlash
DAXFlash - [LIB]: [33mNo emmc info, can't parse existing preloaders.[0m
DAXFlash
DAXFlash - [LIB]: [33mNo emmc info, can't parse existing preloaders.[0m
DAXFlash
DAXFlash - [LIB]: [33mNo emmc info, can't parse existing preloaders.[0m
DAXFlash
DAXFlash - [LIB]: [33mNo emmc info, can't parse existing preloaders.[0m
DAXFlash
DAXFlash - [LIB]: [33mNo emmc info, can't parse existing preloaders.[0m
DAXFlash
DAXFlash - [LIB]: [33mNo emmc info, can't parse existing preloaders.[0m
DAXFlash
DAXFlash - [LIB]: [33mNo emmc info, can't parse existing preloaders.[0m
DAXFlash
DAXFlash - [LIB]: [33mNo emmc info, can't parse existing preloaders.[0m
DAXFlash
DAXFlash - [LIB]: [33mNo emmc info, can't parse existing preloaders.[0m
DAXFlash
DAXFlash - [LIB]: [33mNo emmc info, can't parse existing preloaders.[0m
DAXFlash
DAXFlash - [LIB]: [33mNo emmc info, can't parse existing preloaders.[0m
DAXFlash
DAXFlash - [LIB]: [33mNo emmc info, can't parse existing preloaders.[0m
DAXFlash
DAXFlash - [LIB]: [33mNo emmc info, can't parse existing preloaders.[0m
DAXFlash
DAXFlash - [LIB]: [33mNo emmc info, can't parse existing preloaders.[0m
DAXFlash
DAXFlash - [LIB]: [33mNo emmc info, can't parse existing preloaders.[0m
DAXFlash
DAXFlash - [LIB]: [33mNo emmc info, can't parse existing preloaders.[0m
DAXFlash
DAXFlash - [LIB]: [33mNo emmc info, can't parse existing preloaders.[0m
DAXFlash
DAXFlash - [LIB]: [33mNo emmc info, can't parse existing preloaders.[0m
DAXFlash
DAXFlash - [LIB]: [33mNo emmc info, can't parse existing preloaders.[0m
DAXFlash
DAXFlash - [LIB]: [33mNo emmc info, can't parse existing preloaders.[0m
DAXFlash
DAXFlash - [LIB]: [33mNo emmc info, can't parse existing preloaders.[0m
DAXFlash
DAXFlash - [LIB]: [33mNo emmc info, can't parse existing preloaders.[0m
DAXFlash
DAXFlash - [LIB]: [33mNo emmc info, can't parse existing preloaders.[0m
DAXFlash
DAXFlash - [LIB]: [33mNo emmc info, can't parse existing preloaders.[0m
DAXFlash
DAXFlash - [LIB]: [33mNo emmc info, can't parse existing preloaders.[0m
DAXFlash
DAXFlash - [LIB]: [33mNo emmc info, can't parse existing preloaders.[0m
DAXFlash
DAXFlash - [LIB]: [33mNo emmc info, can't parse existing preloaders.[0m
DAXFlash
DAXFlash - [LIB]: [33mNo emmc info, can't parse existing preloaders.[0m
DAXFlash
DAXFlash - [LIB]: [33mNo emmc info, can't parse existing preloaders.[0m
DAXFlash
DAXFlash - [LIB]: [33mNo emmc info, can't parse existing preloaders.[0m
DAXFlash
DAXFlash - [LIB]: [33mNo emmc info, can't parse existing preloaders.[0m
DAXFlash
DAXFlash - [LIB]: [33mNo emmc info, can't parse existing preloaders.[0m
DAXFlash
DAXFlash - [LIB]: [33mNo emmc info, can't parse existing preloaders.[0m
DAXFlash
DAXFlash - [LIB]: [33mNo emmc info, can't parse existing preloaders.[0m
DAXFlash
DAXFlash - [LIB]: [33mNo emmc info, can't parse existing preloaders.[0m
DAXFlash
DAXFlash - [LIB]: [33mNo emmc info, can't parse existing preloaders.[0m
DAXFlash
DAXFlash - [LIB]: [33mNo emmc info, can't parse existing preloaders.[0m
DAXFlash
DAXFlash - [LIB]: [33mNo emmc info, can't parse existing preloaders.[0m
DAXFlash
DAXFlash - [LIB]: [33mNo emmc info, can't parse existing preloaders.[0m
DAXFlash
DAXFlash - [LIB]: [33mNo emmc info, can't parse existing preloaders.[0m
DAXFlash
DAXFlash - [LIB]: [33mNo emmc info, can't parse existing preloaders.[0m
DAXFlash
DAXFlash - [LIB]: [33mNo emmc info, can't parse existing preloaders.[0m
DAXFlash
DAXFlash - [LIB]: [33mNo emmc info, can't parse existing preloaders.[0m
DAXFlash
DAXFlash - [LIB]: [33mNo emmc info, can't parse existing preloaders.[0m
DAXFlash
DAXFlash - [LIB]: [33mNo emmc info, can't parse existing preloaders.[0m
DAXFlash
DAXFlash - [LIB]: [33mNo emmc info, can't parse existing preloaders.[0m
DAXFlash
DAXFlash - [LIB]: [33mNo emmc info, can't parse existing preloaders.[0m
DAXFlash
DAXFlash - [LIB]: [33mNo emmc info, can't parse existing preloaders.[0m
DAXFlash
DAXFlash - [LIB]: [33mNo emmc info, can't parse existing preloaders.[0m
DAXFlash
DAXFlash - [LIB]: [33mNo emmc info, can't parse existing preloaders.[0m
DAXFlash
DAXFlash - [LIB]: [33mNo emmc info, can't parse existing preloaders.[0m
DAXFlash
DAXFlash - [LIB]: [33mNo emmc info, can't parse existing preloaders.[0m
DAXFlash
DAXFlash - [LIB]: [33mNo emmc info, can't parse existing preloaders.[0m
DAXFlash
DAXFlash - [LIB]: [33mNo emmc info, can't parse existing preloaders.[0m
DAXFlash
DAXFlash - [LIB]: [33mNo emmc info, can't parse existing preloaders.[0m
DAXFlash
DAXFlash - [LIB]: [33mNo emmc info, can't parse existing preloaders.[0m
DAXFlash
DAXFlash - [LIB]: [33mNo emmc info, can't parse existing preloaders.[0m
DAXFlash
DAXFlash - [LIB]: [33mNo emmc info, can't parse existing preloaders.[0m
DAXFlash
DAXFlash - [LIB]: [33mNo emmc info, can't parse existing preloaders.[0m
DAXFlash
DAXFlash - [LIB]: [33mNo emmc info, can't parse existing preloaders.[0m
DAXFlash
DAXFlash - [LIB]: [33mNo emmc info, can't parse existing preloaders.[0m
DAXFlash
DAXFlash - [LIB]: [33mNo emmc info, can't parse existing preloaders.[0m
DAXFlash
DAXFlash - [LIB]: [33mNo emmc info, can't parse existing preloaders.[0m
DAXFlash
DAXFlash - [LIB]: [33mNo emmc info, can't parse existing preloaders.[0m
DAXFlash
DAXFlash - [LIB]: [33mNo emmc info, can't parse existing preloaders.[0m
DAXFlash
DAXFlash - [LIB]: [33mNo emmc info, can't parse existing preloaders.[0m
DAXFlash
DAXFlash - [LIB]: [33mNo emmc info, can't parse existing preloaders.[0m
DAXFlash
DAXFlash - [LIB]: [33mNo emmc info, can't parse existing preloaders.[0m
DAXFlash
DAXFlash - [LIB]: [33mNo emmc info, can't parse existing preloaders.[0m
DAXFlash
DAXFlash - [LIB]: [33mNo emmc info, can't parse existing preloaders.[0m
DAXFlash
DAXFlash - [LIB]: [33mNo emmc info, can't parse existing preloaders.[0m
DAXFlash
DAXFlash - [LIB]: [33mNo emmc info, can't parse existing preloaders.[0m
DAXFlash
DAXFlash - [LIB]: [33mNo emmc info, can't parse existing preloaders.[0m
DAXFlash
DAXFlash - [LIB]: [33mNo emmc info, can't parse existing preloaders.[0m
DAXFlash
DAXFlash - [LIB]: [33mNo emmc info, can't parse existing preloaders.[0m
DAXFlash
DAXFlash - [LIB]: [33mNo emmc info, can't parse existing preloaders.[0m
DAXFlash
DAXFlash - [LIB]: [33mNo emmc info, can't parse existing preloaders.[0m
DAXFlash
DAXFlash - [LIB]: [33mNo emmc info, can't parse existing preloaders.[0m
DAXFlash
DAXFlash - [LIB]: [33mNo emmc info, can't parse existing preloaders.[0m
DAXFlash
DAXFlash - [LIB]: [33mNo emmc info, can't parse existing preloaders.[0m
DAXFlash
DAXFlash - [LIB]: [33mNo emmc info, can't parse existing preloaders.[0m
DAXFlash
DAXFlash - [LIB]: [33mNo emmc info, can't parse existing preloaders.[0m
DAXFlash
DAXFlash - [LIB]: [33mNo emmc info, can't parse existing preloaders.[0m
DAXFlash
DAXFlash - [LIB]: [33mNo emmc info, can't parse existing preloaders.[0m
DAXFlash
DAXFlash - [LIB]: [33mNo emmc info, can't parse existing preloaders.[0m
DAXFlash
DAXFlash - [LIB]: [33mNo emmc info, can't parse existing preloaders.[0m
DAXFlash
DAXFlash - [LIB]: [33mNo emmc info, can't parse existing preloaders.[0m
DAXFlash
DAXFlash - [LIB]: [33mNo emmc info, can't parse existing preloaders.[0m
DAXFlash
DAXFlash - [LIB]: [33mNo emmc info, can't parse existing preloaders.[0m
DAXFlash
DAXFlash - [LIB]: [33mNo emmc info, can't parse existing preloaders.[0m
DAXFlash
DAXFlash - [LIB]: [33mNo emmc info, can't parse existing preloaders.[0m
DAXFlash
DAXFlash - [LIB]: [33mNo emmc info, can't parse existing preloaders.[0m
DAXFlash
DAXFlash - [LIB]: [33mNo emmc info, can't parse existing preloaders.[0m
DAXFlash
DAXFlash - [LIB]: [33mNo emmc info, can't parse existing preloaders.[0m
DAXFlash
DAXFlash - [LIB]: [33mNo emmc info, can't parse existing preloaders.[0m
DAXFlash
DAXFlash - [LIB]: [33mNo emmc info, can't parse existing preloaders.[0m
DAXFlash
DAXFlash - [LIB]: [33mNo emmc info, can't parse existing preloaders.[0m
DAXFlash
DAXFlash - [LIB]: [33mNo emmc info, can't parse existing preloaders.[0m
DAXFlash
DAXFlash - [LIB]: [33mNo emmc info, can't parse existing preloaders.[0m
DAXFlash
DAXFlash - [LIB]: [33mNo emmc info, can't parse existing preloaders.[0m
DAXFlash
DAXFlash - [LIB]: [33mNo emmc info, can't parse existing preloaders.[0m
DAXFlash
DAXFlash - [LIB]: [33mNo emmc info, can't parse existing preloaders.[0m
DAXFlash
DAXFlash - [LIB]: [33mNo emmc info, can't parse existing preloaders.[0m
DAXFlash
DAXFlash - [LIB]: [33mNo emmc info, can't parse existing preloaders.[0m
DAXFlash
DAXFlash - [LIB]: [33mNo emmc info, can't parse existing preloaders.[0m
DAXFlash
DAXFlash - [LIB]: [33mNo emmc info, can't parse existing preloaders.[0m
DAXFlash
DAXFlash - [LIB]: [33mNo emmc info, can't parse existing preloaders.[0m
DAXFlash
DAXFlash - [LIB]: [33mNo emmc info, can't parse existing preloaders.[0m
DAXFlash
DAXFlash - [LIB]: [33mNo emmc info, can't parse existing preloaders.[0m
DAXFlash
DAXFlash - [LIB]: [33mNo emmc info, can't parse existing preloaders.[0m
DAXFlash
DAXFlash - [LIB]: [33mNo emmc info, can't parse existing preloaders.[0m
DAXFlash
DAXFlash - [LIB]: [33mNo emmc info, can't parse existing preloaders.[0m
DAXFlash
DAXFlash - [LIB]: [33mNo emmc info, can't parse existing preloaders.[0m
DAXFlash
DAXFlash - [LIB]: [33mNo emmc info, can't parse existing preloaders.[0m
DAXFlash
DAXFlash - [LIB]: [33mNo emmc info, can't parse existing preloaders.[0m
DAXFlash
DAXFlash - [LIB]: [33mNo emmc info, can't parse existing preloaders.[0m
DAXFlash
DAXFlash - [LIB]: [33mNo emmc info, can't parse existing preloaders.[0m
DAXFlash
DAXFlash - [LIB]: [33mNo emmc info, can't parse existing preloaders.[0m
DAXFlash
DAXFlash - [LIB]: [33mNo emmc info, can't parse existing preloaders.[0m
DAXFlash
DAXFlash - [LIB]: [33mNo emmc info, can't parse existing preloaders.[0m
DAXFlash
DAXFlash - [LIB]: [33mNo emmc info, can't parse existing preloaders.[0m
DAXFlash
DAXFlash - [LIB]: [33mNo emmc info, can't parse existing preloaders.[0m
DAXFlash
DAXFlash - [LIB]: [33mNo emmc info, can't parse existing preloaders.[0m
DAXFlash
DAXFlash - [LIB]: [33mNo emmc info, can't parse existing preloaders.[0m
DAXFlash
DAXFlash - [LIB]: [33mNo emmc info, can't parse existing preloaders.[0m
DAXFlash
DAXFlash - [LIB]: [33mNo emmc info, can't parse existing preloaders.[0m
DAXFlash
DAXFlash - [LIB]: [33mNo emmc info, can't parse existing preloaders.[0m
DAXFlash
DAXFlash - [LIB]: [33mNo emmc info, can't parse existing preloaders.[0m
DAXFlash
DAXFlash - [LIB]: [33mNo emmc info, can't parse existing preloaders.[0m
DAXFlash
DAXFlash - [LIB]: [33mNo emmc info, can't parse existing preloaders.[0m
DAXFlash
DAXFlash - [LIB]: [33mNo emmc info, can't parse existing preloaders.[0m
DAXFlash
DAXFlash - [LIB]: [33mNo emmc info, can't parse existing preloaders.[0m
DAXFlash
DAXFlash - [LIB]: [33mNo emmc info, can't parse existing preloaders.[0m
DAXFlash
DAXFlash - [LIB]: [33mNo emmc info, can't parse existing preloaders.[0m
DAXFlash
DAXFlash - [LIB]: [33mNo emmc info, can't parse existing preloaders.[0m
DAXFlash
DAXFlash - [LIB]: [33mNo emmc info, can't parse existing preloaders.[0m
DAXFlash
DAXFlash - [LIB]: [33mNo emmc info, can't parse existing preloaders.[0m
DAXFlash
DAXFlash - [LIB]: [33mNo emmc info, can't parse existing preloaders.[0m
DAXFlash
DAXFlash - [LIB]: [33mNo emmc info, can't parse existing preloaders.[0m
DAXFlash
DAXFlash - [LIB]: [33mNo emmc info, can't parse existing preloaders.[0m
DAXFlash
DAXFlash - [LIB]: [33mNo emmc info, can't parse existing preloaders.[0m
DAXFlash
DAXFlash - [LIB]: [33mNo emmc info, can't parse existing preloaders.[0m
DAXFlash
DAXFlash - [LIB]: [33mNo emmc info, can't parse existing preloaders.[0m
DAXFlash
DAXFlash - [LIB]: [33mNo emmc info, can't parse existing preloaders.[0m
DAXFlash
DAXFlash - [LIB]: [33mNo emmc info, can't parse existing preloaders.[0m
DAXFlash
DAXFlash - [LIB]: [33mNo emmc info, can't parse existing preloaders.[0m
DAXFlash
DAXFlash - [LIB]: [33mNo emmc info, can't parse existing preloaders.[0m
DAXFlash
DAXFlash - [LIB]: [33mNo emmc info, can't parse existing preloaders.[0m
DAXFlash
DAXFlash - [LIB]: [33mNo emmc info, can't parse existing preloaders.[0m
DAXFlash
DAXFlash - [LIB]: [33mNo emmc info, can't parse existing preloaders.[0m
DAXFlash
DAXFlash - [LIB]: [33mNo emmc info, can't parse existing preloaders.[0m
DAXFlash
DAXFlash - [LIB]: [33mNo emmc info, can't parse existing preloaders.[0m
DAXFlash
DAXFlash - [LIB]: [33mNo emmc info, can't parse existing preloaders.[0m
DAXFlash
DAXFlash - [LIB]: [33mNo emmc info, can't parse existing preloaders.[0m
DAXFlash
DAXFlash - [LIB]: [33mNo emmc info, can't parse existing preloaders.[0m
DAXFlash
DAXFlash - [LIB]: [33mNo emmc info, can't parse existing preloaders.[0m
DAXFlash
DAXFlash - [LIB]: [33mNo emmc info, can't parse existing preloaders.[0m
DAXFlash
DAXFlash - [LIB]: [33mNo emmc info, can't parse existing preloaders.[0m
DAXFlash
DAXFlash - [LIB]: [33mNo emmc info, can't parse existing preloaders.[0m
DAXFlash
DAXFlash - [LIB]: [33mNo emmc info, can't parse existing preloaders.[0m
DAXFlash
DAXFlash - [LIB]: [33mNo emmc info, can't parse existing preloaders.[0m
DAXFlash
DAXFlash - [LIB]: [33mNo emmc info, can't parse existing preloaders.[0m
DAXFlash
DAXFlash - [LIB]: [33mNo emmc info, can't parse existing preloaders.[0m
DAXFlash
DAXFlash - [LIB]: [33mNo emmc info, can't parse existing preloaders.[0m
DAXFlash
DAXFlash - [LIB]: [33mNo emmc info, can't parse existing preloaders.[0m
DAXFlash
DAXFlash - [LIB]: [33mNo emmc info, can't parse existing preloaders.[0m
DAXFlash
DAXFlash - [LIB]: [33mNo emmc info, can't parse existing preloaders.[0m
DAXFlash
DAXFlash - [LIB]: [33mNo emmc info, can't parse existing preloaders.[0m
DAXFlash
DAXFlash - [LIB]: [33mNo emmc info, can't parse existing preloaders.[0m
DAXFlash
DAXFlash - [LIB]: [33mNo emmc info, can't parse existing preloaders.[0m
DAXFlash
DAXFlash - [LIB]: [33mNo emmc info, can't parse existing preloaders.[0m
DAXFlash
DAXFlash - [LIB]: [33mNo emmc info, can't parse existing preloaders.[0m
DAXFlash
DAXFlash - [LIB]: [33mNo emmc info, can't parse existing preloaders.[0m
DAXFlash
DAXFlash - [LIB]: [33mNo emmc info, can't parse existing preloaders.[0m
DAXFlash
DAXFlash - [LIB]: [33mNo emmc info, can't parse existing preloaders.[0m
DAXFlash
DAXFlash - [LIB]: [33mNo emmc info, can't parse existing preloaders.[0m
DAXFlash
DAXFlash - [LIB]: [33mNo emmc info, can't parse existing preloaders.[0m
DAXFlash
DAXFlash - [LIB]: [33mNo emmc info, can't parse existing preloaders.[0m
DAXFlash
DAXFlash - [LIB]: [33mNo emmc info, can't parse existing preloaders.[0m
DAXFlash
DAXFlash - [LIB]: [33mNo emmc info, can't parse existing preloaders.[0m
DAXFlash
DAXFlash - [LIB]: [33mNo emmc info, can't parse existing preloaders.[0m
DAXFlash
DAXFlash - [LIB]: [33mNo emmc info, can't parse existing preloaders.[0m
DAXFlash
DAXFlash - [LIB]: [33mNo emmc info, can't parse existing preloaders.[0m
DAXFlash
DAXFlash - [LIB]: [33mNo emmc info, can't parse existing preloaders.[0m
DAXFlash
DAXFlash - [LIB]: [33mNo emmc info, can't parse existing preloaders.[0m
DAXFlash
DAXFlash - [LIB]: [33mNo emmc info, can't parse existing preloaders.[0m
DAXFlash
DAXFlash - [LIB]: [33mNo emmc info, can't parse existing preloaders.[0m
DAXFlash
DAXFlash - [LIB]: [33mNo emmc info, can't parse existing preloaders.[0m
DAXFlash
DAXFlash - [LIB]: [33mNo emmc info, can't parse existing preloaders.[0m
DAXFlash
DAXFlash - [LIB]: [33mNo emmc info, can't parse existing preloaders.[0m
DAXFlash
DAXFlash - [LIB]: [33mNo emmc info, can't parse existing preloaders.[0m
DAXFlash
DAXFlash - [LIB]: [33mNo emmc info, can't parse existing preloaders.[0m
DAXFlash
DAXFlash - [LIB]: [33mNo emmc info, can't parse existing preloaders.[0m
DAXFlash
DAXFlash - [LIB]: [33mNo emmc info, can't parse existing preloaders.[0m
DAXFlash
DAXFlash - [LIB]: [33mNo emmc info, can't parse existing preloaders.[0m
DAXFlash
DAXFlash - [LIB]: [33mNo emmc info, can't parse existing preloaders.[0m
DAXFlash
DAXFlash - [LIB]: [33mNo emmc info, can't parse existing preloaders.[0m
DAXFlash
DAXFlash - [LIB]: [33mNo emmc info, can't parse existing preloaders.[0m
DAXFlash
DAXFlash - [LIB]: [33mNo emmc info, can't parse existing preloaders.[0m
DAXFlash
DAXFlash - [LIB]: [33mNo emmc info, can't parse existing preloaders.[0m
DAXFlash
DAXFlash - [LIB]: [33mNo emmc info, can't parse existing preloaders.[0m
DAXFlash
DAXFlash - [LIB]: [33mNo emmc info, can't parse existing preloaders.[0m
DAXFlash
DAXFlash - [LIB]: [33mNo emmc info, can't parse existing preloaders.[0m
DAXFlash
DAXFlash - [LIB]: [33mNo emmc info, can't parse existing preloaders.[0m
DAXFlash
DAXFlash - [LIB]: [33mNo emmc info, can't parse existing preloaders.[0m
DAXFlash
DAXFlash - [LIB]: [33mNo emmc info, can't parse existing preloaders.[0m
DAXFlash
DAXFlash - [LIB]: [33mNo emmc info, can't parse existing preloaders.[0m
DAXFlash
DAXFlash - [LIB]: [33mNo emmc info, can't parse existing preloaders.[0m
DAXFlash
DAXFlash - [LIB]: [33mNo emmc info, can't parse existing preloaders.[0m
DAXFlash
DAXFlash - [LIB]: [33mNo emmc info, can't parse existing preloaders.[0m
DAXFlash
DAXFlash - [LIB]: [33mNo emmc info, can't parse existing preloaders.[0m
DAXFlash
DAXFlash - [LIB]: [33mNo emmc info, can't parse existing preloaders.[0m
DAXFlash
DAXFlash - [LIB]: [33mNo emmc info, can't parse existing preloaders.[0m
DAXFlash
DAXFlash - [LIB]: [33mNo emmc info, can't parse existing preloaders.[0m
DAXFlash
DAXFlash - [LIB]: [33mNo emmc info, can't parse existing preloaders.[0m
DAXFlash
DAXFlash - [LIB]: [33mNo emmc info, can't parse existing preloaders.[0m
DAXFlash
DAXFlash - [LIB]: [33mNo emmc info, can't parse existing preloaders.[0m
DAXFlash
DAXFlash - [LIB]: [33mNo emmc info, can't parse existing preloaders.[0m
DAXFlash
DAXFlash - [LIB]: [33mNo emmc info, can't parse existing preloaders.[0m
DAXFlash
DAXFlash - [LIB]: [33mNo emmc info, can't parse existing preloaders.[0m
DAXFlash
DAXFlash - [LIB]: [33mNo emmc info, can't parse existing preloaders.[0m
DAXFlash
DAXFlash - [LIB]: [33mNo emmc info, can't parse existing preloaders.[0m
DAXFlash
DAXFlash - [LIB]: [33mNo emmc info, can't parse existing preloaders.[0m
DAXFlash
DAXFlash - [LIB]: [33mNo emmc info, can't parse existing preloaders.[0m
DAXFlash
DAXFlash - [LIB]: [33mNo emmc info, can't parse existing preloaders.[0m
DAXFlash
DAXFlash - [LIB]: [33mNo emmc info, can't parse existing preloaders.[0m
DAXFlash
DAXFlash - [LIB]: [33mNo emmc info, can't parse existing preloaders.[0m
DAXFlash
DAXFlash - [LIB]: [33mNo emmc info, can't parse existing preloaders.[0m
DAXFlash
DAXFlash - [LIB]: [33mNo emmc info, can't parse existing preloaders.[0m
DAXFlash
DAXFlash - [LIB]: [33mNo emmc info, can't parse existing preloaders.[0m
DAXFlash
DAXFlash - [LIB]: [33mNo emmc info, can't parse existing preloaders.[0m
DAXFlash
DAXFlash - [LIB]: [33mNo emmc info, can't parse existing preloaders.[0m
DAXFlash
DAXFlash - [LIB]: [33mNo emmc info, can't parse existing preloaders.[0m
DAXFlash
DAXFlash - [LIB]: [33mNo emmc info, can't parse existing preloaders.[0m
DAXFlash
DAXFlash - [LIB]: [33mNo emmc info, can't parse existing preloaders.[0m
DAXFlash
DAXFlash - [LIB]: [33mNo emmc info, can't parse existing preloaders.[0m
DAXFlash
DAXFlash - [LIB]: [33mNo emmc info, can't parse existing preloaders.[0m
DAXFlash
DAXFlash - [LIB]: [33mNo emmc info, can't parse existing preloaders.[0m
DAXFlash
DAXFlash - [LIB]: [33mNo emmc info, can't parse existing preloaders.[0m
DAXFlash
DAXFlash - [LIB]: [33mNo emmc info, can't parse existing preloaders.[0m
DAXFlash
DAXFlash - [LIB]: [33mNo emmc info, can't parse existing preloaders.[0m
DAXFlash
DAXFlash - [LIB]: [33mNo emmc info, can't parse existing preloaders.[0m
DAXFlash
DAXFlash - [LIB]: [33mNo emmc info, can't parse existing preloaders.[0m
DAXFlash
DAXFlash - [LIB]: [33mNo emmc info, can't parse existing preloaders.[0m
DAXFlash
DAXFlash - [LIB]: [33mNo emmc info, can't parse existing preloaders.[0m
DAXFlash
DAXFlash - [LIB]: [33mNo emmc info, can't parse existing preloaders.[0m
DAXFlash
DAXFlash - [LIB]: [33mNo emmc info, can't parse existing preloaders.[0m
DAXFlash
DAXFlash - [LIB]: [33mNo emmc info, can't parse existing preloaders.[0m
DAXFlash
DAXFlash - [LIB]: [33mNo emmc info, can't parse existing preloaders.[0m
DAXFlash
DAXFlash - [LIB]: [33mNo emmc info, can't parse existing preloaders.[0m
DAXFlash
DAXFlash - [LIB]: [33mNo emmc info, can't parse existing preloaders.[0m
DAXFlash
DAXFlash - [LIB]: [33mNo emmc info, can't parse existing preloaders.[0m
DAXFlash
DAXFlash - [LIB]: [33mNo emmc info, can't parse existing preloaders.[0m
DAXFlash
DAXFlash - [LIB]: [33mNo emmc info, can't parse existing preloaders.[0m
DAXFlash
DAXFlash - [LIB]: [33mNo emmc info, can't parse existing preloaders.[0m
DAXFlash
DAXFlash - [LIB]: [33mNo emmc info, can't parse existing preloaders.[0m
DAXFlash
DAXFlash - [LIB]: [33mNo emmc info, can't parse existing preloaders.[0m
DAXFlash
DAXFlash - [LIB]: [33mNo emmc info, can't parse existing preloaders.[0m
DAXFlash
DAXFlash - [LIB]: [33mNo emmc info, can't parse existing preloaders.[0m
DAXFlash
DAXFlash - [LIB]: [33mNo emmc info, can't parse existing preloaders.[0m
DAXFlash
DAXFlash - [LIB]: [33mNo emmc info, can't parse existing preloaders.[0m
DAXFlash
DAXFlash - [LIB]: [33mNo emmc info, can't parse existing preloaders.[0m
DAXFlash
DAXFlash - [LIB]: [33mNo emmc info, can't parse existing preloaders.[0m
DAXFlash
DAXFlash - [LIB]: [33mNo emmc info, can't parse existing preloaders.[0m
DAXFlash
DAXFlash - [LIB]: [33mNo emmc info, can't parse existing preloaders.[0m
DAXFlash
DAXFlash - [LIB]: [33mNo emmc info, can't parse existing preloaders.[0m
DAXFlash
DAXFlash - [LIB]: [33mNo emmc info, can't parse existing preloaders.[0m
DAXFlash
DAXFlash - [LIB]: [33mNo emmc info, can't parse existing preloaders.[0m
DAXFlash
DAXFlash - [LIB]: [33mNo emmc info, can't parse existing preloaders.[0m
DAXFlash
DAXFlash - [LIB]: [33mNo emmc info, can't parse existing preloaders.[0m
DAXFlash
DAXFlash - [LIB]: [33mNo emmc info, can't parse existing preloaders.[0m
DAXFlash
DAXFlash - [LIB]: [33mNo emmc info, can't parse existing preloaders.[0m
DAXFlash
DAXFlash - [LIB]: [33mNo emmc info, can't parse existing preloaders.[0m
DAXFlash
DAXFlash - [LIB]: [33mNo emmc info, can't parse existing preloaders.[0m
DAXFlash
DAXFlash - [LIB]: [33mNo emmc info, can't parse existing preloaders.[0m
DAXFlash
DAXFlash - [LIB]: [33mNo emmc info, can't parse existing preloaders.[0m
DAXFlash
DAXFlash - [LIB]: [33mNo emmc info, can't parse existing preloaders.[0m
DAXFlash
DAXFlash - [LIB]: [33mNo emmc info, can't parse existing preloaders.[0m
DAXFlash
DAXFlash - [LIB]: [33mNo emmc info, can't parse existing preloaders.[0m
DAXFlash
DAXFlash - [LIB]: [33mNo emmc info, can't parse existing preloaders.[0m
DAXFlash
DAXFlash - [LIB]: [33mNo emmc info, can't parse existing preloaders.[0m
DAXFlash
DAXFlash - [LIB]: [33mNo emmc info, can't parse existing preloaders.[0m
DAXFlash
DAXFlash - [LIB]: [33mNo emmc info, can't parse existing preloaders.[0m
DAXFlash
DAXFlash - [LIB]: [33mNo emmc info, can't parse existing preloaders.[0m
DAXFlash
DAXFlash - [LIB]: [33mNo emmc info, can't parse existing preloaders.[0m
DAXFlash
DAXFlash - [LIB]: [33mNo emmc info, can't parse existing preloaders.[0m
DAXFlash
DAXFlash - [LIB]: [33mNo emmc info, can't parse existing preloaders.[0m
DAXFlash
DAXFlash - [LIB]: [33mNo emmc info, can't parse existing preloaders.[0m
DAXFlash
DAXFlash - [LIB]: [33mNo emmc info, can't parse existing preloaders.[0m
DAXFlash
DAXFlash - [LIB]: [33mNo emmc info, can't parse existing preloaders.[0m
DAXFlash
DAXFlash - [LIB]: [33mNo emmc info, can't parse existing preloaders.[0m
DAXFlash
DAXFlash - [LIB]: [33mNo emmc info, can't parse existing preloaders.[0m
DAXFlash
DAXFlash - [LIB]: [33mNo emmc info, can't parse existing preloaders.[0m
DAXFlash
DAXFlash - [LIB]: [33mNo emmc info, can't parse existing preloaders.[0m
DAXFlash
DAXFlash - [LIB]: [33mNo emmc info, can't parse existing preloaders.[0m
DAXFlash
DAXFlash - [LIB]: [33mNo emmc info, can't parse existing preloaders.[0m
DAXFlash
DAXFlash - [LIB]: [33mNo emmc info, can't parse existing preloaders.[0m
DAXFlash
DAXFlash - [LIB]: [33mNo emmc info, can't parse existing preloaders.[0m
DAXFlash
DAXFlash - [LIB]: [33mNo emmc info, can't parse existing preloaders.[0m
DAXFlash
DAXFlash - [LIB]: [33mNo emmc info, can't parse existing preloaders.[0m
DAXFlash
DAXFlash - [LIB]: [33mNo emmc info, can't parse existing preloaders.[0m
DAXFlash
DAXFlash - [LIB]: [33mNo emmc info, can't parse existing preloaders.[0m
DAXFlash
DAXFlash - [LIB]: [33mNo emmc info, can't parse existing preloaders.[0m
DAXFlash
DAXFlash - [LIB]: [33mNo emmc info, can't parse existing preloaders.[0m
DAXFlash
DAXFlash - [LIB]: [33mNo emmc info, can't parse existing preloaders.[0m
DAXFlash
DAXFlash - [LIB]: [33mNo emmc info, can't parse existing preloaders.[0m
DAXFlash
DAXFlash - [LIB]: [33mNo emmc info, can't parse existing preloaders.[0m
DAXFlash
DAXFlash - [LIB]: [33mNo emmc info, can't parse existing preloaders.[0m
DAXFlash
DAXFlash - [LIB]: [33mNo emmc info, can't parse existing preloaders.[0m
DAXFlash
DAXFlash - [LIB]: [33mNo emmc info, can't parse existing preloaders.[0m
DAXFlash
DAXFlash - [LIB]: [33mNo emmc info, can't parse existing preloaders.[0m
DAXFlash
DAXFlash - [LIB]: [33mNo emmc info, can't parse existing preloaders.[0m
DAXFlash
DAXFlash - [LIB]: [33mNo emmc info, can't parse existing preloaders.[0m
DAXFlash
DAXFlash - [LIB]: [33mNo emmc info, can't parse existing preloaders.[0m
DAXFlash
DAXFlash - [LIB]: [33mNo emmc info, can't parse existing preloaders.[0m
DAXFlash
DAXFlash - [LIB]: [33mNo emmc info, can't parse existing preloaders.[0m
DAXFlash
DAXFlash - [LIB]: [33mNo emmc info, can't parse existing preloaders.[0m
DAXFlash
DAXFlash - [LIB]: [33mNo emmc info, can't parse existing preloaders.[0m
DAXFlash
DAXFlash - [LIB]: [33mNo emmc info, can't parse existing preloaders.[0m
DAXFlash
DAXFlash - [LIB]: [33mNo emmc info, can't parse existing preloaders.[0m
DAXFlash
DAXFlash - [LIB]: [33mNo emmc info, can't parse existing preloaders.[0m
DAXFlash
DAXFlash - [LIB]: [33mNo emmc info, can't parse existing preloaders.[0m
DAXFlash
DAXFlash - [LIB]: [33mNo emmc info, can't parse existing preloaders.[0m
DAXFlash
DAXFlash - [LIB]: [33mNo emmc info, can't parse existing preloaders.[0m
DAXFlash
DAXFlash - [LIB]: [33mNo emmc info, can't parse existing preloaders.[0m
DAXFlash
DAXFlash - [LIB]: [33mNo emmc info, can't parse existing preloaders.[0m
DAXFlash
DAXFlash - [LIB]: [33mNo emmc info, can't parse existing preloaders.[0m
DAXFlash
DAXFlash - [LIB]: [33mNo emmc info, can't parse existing preloaders.[0m
DAXFlash
DAXFlash - [LIB]: [33mNo emmc info, can't parse existing preloaders.[0m
DAXFlash
DAXFlash - [LIB]: [33mNo emmc info, can't parse existing preloaders.[0m
DAXFlash
DAXFlash - [LIB]: [33mNo emmc info, can't parse existing preloaders.[0m
DAXFlash
DAXFlash - [LIB]: [33mNo emmc info, can't parse existing preloaders.[0m
DAXFlash
DAXFlash - [LIB]: [33mNo emmc info, can't parse existing preloaders.[0m
DAXFlash
DAXFlash - [LIB]: [33mNo emmc info, can't parse existing preloaders.[0m
DAXFlash
DAXFlash - [LIB]: [33mNo emmc info, can't parse existing preloaders.[0m
DAXFlash
DAXFlash - [LIB]: [33mNo emmc info, can't parse existing preloaders.[0m
DAXFlash
DAXFlash - [LIB]: [33mNo emmc info, can't parse existing preloaders.[0m
DAXFlash
DAXFlash - [LIB]: [33mNo emmc info, can't parse existing preloaders.[0m
DAXFlash
DAXFlash - [LIB]: [33mNo emmc info, can't parse existing preloaders.[0m
DAXFlash
DAXFlash - [LIB]: [33mNo emmc info, can't parse existing preloaders.[0m
DAXFlash
DAXFlash - [LIB]: [33mNo emmc info, can't parse existing preloaders.[0m
DAXFlash
DAXFlash - [LIB]: [33mNo emmc info, can't parse existing preloaders.[0m
DAXFlash
DAXFlash - [LIB]: [33mNo emmc info, can't parse existing preloaders.[0m
DAXFlash
DAXFlash - [LIB]: [33mNo emmc info, can't parse existing preloaders.[0m
DAXFlash
DAXFlash - [LIB]: [33mNo emmc info, can't parse existing preloaders.[0m
DAXFlash
DAXFlash - [LIB]: [33mNo emmc info, can't parse existing preloaders.[0m
DAXFlash
DAXFlash - [LIB]: [33mNo emmc info, can't parse existing preloaders.[0m
DAXFlash
DAXFlash - [LIB]: [33mNo emmc info, can't parse existing preloaders.[0m
DAXFlash
DAXFlash - [LIB]: [33mNo emmc info, can't parse existing preloaders.[0m
DAXFlash
DAXFlash - [LIB]: [33mNo emmc info, can't parse existing preloaders.[0m
DAXFlash
DAXFlash - [LIB]: [33mNo emmc info, can't parse existing preloaders.[0m
DAXFlash
DAXFlash - [LIB]: [33mNo emmc info, can't parse existing preloaders.[0m
DAXFlash
DAXFlash - [LIB]: [33mNo emmc info, can't parse existing preloaders.[0m
DAXFlash
DAXFlash - [LIB]: [33mNo emmc info, can't parse existing preloaders.[0m
DAXFlash
DAXFlash - [LIB]: [33mNo emmc info, can't parse existing preloaders.[0m
DAXFlash
DAXFlash - [LIB]: [33mNo emmc info, can't parse existing preloaders.[0m
DAXFlash
DAXFlash - [LIB]: [33mNo emmc info, can't parse existing preloaders.[0m
DAXFlash
DAXFlash - [LIB]: [33mNo emmc info, can't parse existing preloaders.[0m
DAXFlash
DAXFlash - [LIB]: [33mNo emmc info, can't parse existing preloaders.[0m
DAXFlash
DAXFlash - [LIB]: [33mNo emmc info, can't parse existing preloaders.[0m
DAXFlash
DAXFlash - [LIB]: [33mNo emmc info, can't parse existing preloaders.[0m
DAXFlash
DAXFlash - [LIB]: [33mNo emmc info, can't parse existing preloaders.[0m
DAXFlash
DAXFlash - [LIB]: [33mNo emmc info, can't parse existing preloaders.[0m
DAXFlash
DAXFlash - [LIB]: [33mNo emmc info, can't parse existing preloaders.[0m
DAXFlash
DAXFlash - [LIB]: [33mNo emmc info, can't parse existing preloaders.[0m
DAXFlash
DAXFlash - [LIB]: [33mNo emmc info, can't parse existing preloaders.[0m
DAXFlash
DAXFlash - [LIB]: [33mNo emmc info, can't parse existing preloaders.[0m
DAXFlash
DAXFlash - [LIB]: [33mNo emmc info, can't parse existing preloaders.[0m
DAXFlash
DAXFlash - [LIB]: [33mNo emmc info, can't parse existing preloaders.[0m
DAXFlash
DAXFlash - [LIB]: [33mNo emmc info, can't parse existing preloaders.[0m
DAXFlash
DAXFlash - [LIB]: [33mNo emmc info, can't parse existing preloaders.[0m
DAXFlash
DAXFlash - [LIB]: [33mNo emmc info, can't parse existing preloaders.[0m
DAXFlash
DAXFlash - [LIB]: [33mNo emmc info, can't parse existing preloaders.[0m
DAXFlash
DAXFlash - [LIB]: [33mNo emmc info, can't parse existing preloaders.[0m
DAXFlash
DAXFlash - [LIB]: [33mNo emmc info, can't parse existing preloaders.[0m
DAXFlash
DAXFlash - [LIB]: [33mNo emmc info, can't parse existing preloaders.[0m
DAXFlash
DAXFlash - [LIB]: [33mNo emmc info, can't parse existing preloaders.[0m
DAXFlash
DAXFlash - [LIB]: [33mNo emmc info, can't parse existing preloaders.[0m
DAXFlash
DAXFlash - [LIB]: [33mNo emmc info, can't parse existing preloaders.[0m
DAXFlash
DAXFlash - [LIB]: [33mNo emmc info, can't parse existing preloaders.[0m
DAXFlash
DAXFlash - [LIB]: [33mNo emmc info, can't parse existing preloaders.[0m
DAXFlash
DAXFlash - [LIB]: [33mNo emmc info, can't parse existing preloaders.[0m
DAXFlash
DAXFlash - [LIB]: [33mNo emmc info, can't parse existing preloaders.[0m
DAXFlash
DAXFlash - [LIB]: [33mNo emmc info, can't parse existing preloaders.[0m
DAXFlash
DAXFlash - [LIB]: [33mNo emmc info, can't parse existing preloaders.[0m
DAXFlash
DAXFlash - [LIB]: [33mNo emmc info, can't parse existing preloaders.[0m
DAXFlash
DAXFlash - [LIB]: [33mNo emmc info, can't parse existing preloaders.[0m
DAXFlash
DAXFlash - [LIB]: [33mNo emmc info, can't parse existing preloaders.[0m
DAXFlash
DAXFlash - [LIB]: [33mNo emmc info, can't parse existing preloaders.[0m
DAXFlash
DAXFlash - [LIB]: [33mNo emmc info, can't parse existing preloaders.[0m
DAXFlash
DAXFlash - [LIB]: [33mNo emmc info, can't parse existing preloaders.[0m
DAXFlash
DAXFlash - [LIB]: [33mNo emmc info, can't parse existing preloaders.[0m
DAXFlash
DAXFlash - [LIB]: [33mNo emmc info, can't parse existing preloaders.[0m
DAXFlash
DAXFlash - [LIB]: [33mNo emmc info, can't parse existing preloaders.[0m
DAXFlash
DAXFlash - [LIB]: [33mNo emmc info, can't parse existing preloaders.[0m
DAXFlash
DAXFlash - [LIB]: [33mNo emmc info, can't parse existing preloaders.[0m
DAXFlash
DAXFlash - [LIB]: [33mNo emmc info, can't parse existing preloaders.[0m
DAXFlash
DAXFlash - [LIB]: [33mNo emmc info, can't parse existing preloaders.[0m
DAXFlash
DAXFlash - [LIB]: [33mNo emmc info, can't parse existing preloaders.[0m
DAXFlash
DAXFlash - [LIB]: [33mNo emmc info, can't parse existing preloaders.[0m
DAXFlash
DAXFlash - [LIB]: [33mNo emmc info, can't parse existing preloaders.[0m
DAXFlash
DAXFlash - [LIB]: [33mNo emmc info, can't parse existing preloaders.[0m
DAXFlash
DAXFlash - [LIB]: [33mNo emmc info, can't parse existing preloaders.[0m
DAXFlash
DAXFlash - [LIB]: [33mNo emmc info, can't parse existing preloaders.[0m
DAXFlash
DAXFlash - [LIB]: [33mNo emmc info, can't parse existing preloaders.[0m
DAXFlash
DAXFlash - [LIB]: [33mNo emmc info, can't parse existing preloaders.[0m
DAXFlash
DAXFlash - [LIB]: [33mNo emmc info, can't parse existing preloaders.[0m
DAXFlash
DAXFlash - [LIB]: [33mNo emmc info, can't parse existing preloaders.[0m
DAXFlash
DAXFlash - [LIB]: [33mNo emmc info, can't parse existing preloaders.[0m
DAXFlash
DAXFlash - [LIB]: [33mNo emmc info, can't parse existing preloaders.[0m
DAXFlash
DAXFlash - [LIB]: [33mNo emmc info, can't parse existing preloaders.[0m
DAXFlash
DAXFlash - [LIB]: [33mNo emmc info, can't parse existing preloaders.[0m
DAXFlash
DAXFlash - [LIB]: [33mNo emmc info, can't parse existing preloaders.[0m
DAXFlash
DAXFlash - [LIB]: [33mNo emmc info, can't parse existing preloaders.[0m
DAXFlash
DAXFlash - [LIB]: [33mNo emmc info, can't parse existing preloaders.[0m
DAXFlash
DAXFlash - [LIB]: [33mNo emmc info, can't parse existing preloaders.[0m
DAXFlash
DAXFlash - [LIB]: [33mNo emmc info, can't parse existing preloaders.[0m
DAXFlash
DAXFlash - [LIB]: [33mNo emmc info, can't parse existing preloaders.[0m
DAXFlash
DAXFlash - [LIB]: [33mNo emmc info, can't parse existing preloaders.[0m
DAXFlash
DAXFlash - [LIB]: [33mNo emmc info, can't parse existing preloaders.[0m
DAXFlash
DAXFlash - [LIB]: [33mNo emmc info, can't parse existing preloaders.[0m
DAXFlash
DAXFlash - [LIB]: [33mNo emmc info, can't parse existing preloaders.[0m
DAXFlash
DAXFlash - [LIB]: [33mNo emmc info, can't parse existing preloaders.[0m
DAXFlash
DAXFlash - [LIB]: [33mNo emmc info, can't parse existing preloaders.[0m
DAXFlash
DAXFlash - [LIB]: [33mNo emmc info, can't parse existing preloaders.[0m
DAXFlash
DAXFlash - [LIB]: [33mNo emmc info, can't parse existing preloaders.[0m
DAXFlash
DAXFlash - [LIB]: [33mNo emmc info, can't parse existing preloaders.[0m
DAXFlash
DAXFlash - [LIB]: [33mNo emmc info, can't parse existing preloaders.[0m
DAXFlash
DAXFlash - [LIB]: [33mNo emmc info, can't parse existing preloaders.[0m
DAXFlash
DAXFlash - [LIB]: [33mNo emmc info, can't parse existing preloaders.[0m
DAXFlash
DAXFlash - [LIB]: [33mNo emmc info, can't parse existing preloaders.[0m
DAXFlash
DAXFlash - [LIB]: [33mNo preloader given. Operation may fail due to missing dram setup.[0m
DAXFlash - Uploading stage 2...
DAXFlash - Upload data was accepted. Jumping to stage 2...
